<?xml version="1.0" encoding="UTF-8"?>
<coverage generated="1638245232583" clover="3.2.0">
  <project timestamp="1638245232584" name="All files">
    <metrics statements="25" coveredstatements="17" conditionals="4" coveredconditionals="3" methods="9" coveredmethods="5" elements="38" coveredelements="25" complexity="0" loc="25" ncloc="25" packages="3" files="3" classes="3"/>
    <package name="components.Modal">
      <metrics statements="5" coveredstatements="4" conditionals="0" coveredconditionals="0" methods="1" coveredmethods="0"/>
      <file name="index.ts" path="C:\Users\86136\Desktop\repository\different-ui\different-ui\packages\components\Modal\index.ts">
        <metrics statements="5" coveredstatements="4" conditionals="0" coveredconditionals="0" methods="1" coveredmethods="0"/>
        <line num="2" count="2" type="stmt"/>
        <line num="3" count="2" type="stmt"/>
        <line num="5" count="2" type="stmt"/>
        <line num="6" count="0" type="stmt"/>
        <line num="9" count="2" type="stmt"/>
      </file>
    </package>
    <package name="components.Modal.src">
      <metrics statements="19" coveredstatements="12" conditionals="4" coveredconditionals="3" methods="8" coveredmethods="5"/>
      <file name="Modal.vue" path="C:\Users\86136\Desktop\repository\different-ui\different-ui\packages\components\Modal\src\Modal.vue">
        <metrics statements="19" coveredstatements="12" conditionals="4" coveredconditionals="3" methods="8" coveredmethods="5"/>
        <line num="66" count="2" type="stmt"/>
        <line num="75" count="2" type="stmt"/>
        <line num="89" count="0" type="stmt"/>
        <line num="97" count="4" type="stmt"/>
        <line num="105" count="4" type="stmt"/>
        <line num="111" count="4" type="stmt"/>
        <line num="160" count="4" type="stmt"/>
        <line num="162" count="4" type="stmt"/>
        <line num="168" count="4" type="stmt"/>
        <line num="169" count="0" type="stmt"/>
        <line num="170" count="0" type="stmt"/>
        <line num="171" count="0" type="stmt"/>
        <line num="176" count="4" type="stmt"/>
        <line num="177" count="0" type="stmt"/>
        <line num="178" count="0" type="stmt"/>
        <line num="179" count="0" type="stmt"/>
        <line num="184" count="4" type="stmt"/>
        <line num="185" count="4" type="cond" truecount="3" falsecount="1"/>
        <line num="188" count="4" type="stmt"/>
      </file>
    </package>
    <package name="theme.components">
      <metrics statements="1" coveredstatements="1" conditionals="0" coveredconditionals="0" methods="0" coveredmethods="0"/>
      <file name="Modal.css" path="C:\Users\86136\Desktop\repository\different-ui\different-ui\packages\theme\components\Modal.css">
        <metrics statements="1" coveredstatements="1" conditionals="0" coveredconditionals="0" methods="0" coveredmethods="0"/>
        <line num="1" count="2" type="stmt"/>
      </file>
    </package>
  </project>
</coverage>
