{"C:\\Users\\86136\\Desktop\\repository\\different-ui\\different-ui\\packages\\components\\Magnifier\\index.ts": {"path":"C:\\Users\\86136\\Desktop\\repository\\different-ui\\different-ui\\packages\\components\\Magnifier\\index.ts","statementMap":{"0":{"start":{"line":2,"column":0},"end":{"line":2,"column":null}},"1":{"start":{"line":3,"column":0},"end":{"line":3,"column":null}},"2":{"start":{"line":5,"column":0},"end":{"line":5,"column":10}},"3":{"start":{"line":6,"column":2},"end":{"line":6,"column":5}},"4":{"start":{"line":9,"column":15},"end":{"line":9,"column":null}}},"fnMap":{"0":{"name":"(anonymous_0)","decl":{"start":{"line":5,"column":21},"end":{"line":5,"column":39}},"loc":{"start":{"line":5,"column":39},"end":{"line":7,"column":null}}}},"branchMap":{},"s":{"0":1,"1":1,"2":1,"3":0,"4":1},"f":{"0":0},"b":{}}
,"C:\\Users\\86136\\Desktop\\repository\\different-ui\\different-ui\\packages\\components\\Magnifier\\src\\Magnifier.vue": {"path":"C:\\Users\\86136\\Desktop\\repository\\different-ui\\different-ui\\packages\\components\\Magnifier\\src\\Magnifier.vue","statementMap":{"0":{"start":{"line":42,"column":0},"end":{"line":42,"column":null}},"1":{"start":{"line":43,"column":0},"end":{"line":43,"column":null}},"2":{"start":{"line":46,"column":15},"end":{"line":46,"column":31}}},"fnMap":{},"branchMap":{"0":{"loc":{"start":{"line":50,"column":12},"end":{"line":50,"column":18}},"type":"binary-expr","locations":[{"start":{"line":50,"column":12},"end":{"line":50,"column":18}},{"start":{"line":50,"column":22},"end":{"line":50,"column":null}}]},"1":{"loc":{"start":{"line":54,"column":12},"end":{"line":54,"column":18}},"type":"binary-expr","locations":[{"start":{"line":54,"column":12},"end":{"line":54,"column":18}},{"start":{"line":54,"column":22},"end":{"line":54,"column":null}}]},"2":{"loc":{"start":{"line":58,"column":12},"end":{"line":58,"column":18}},"type":"binary-expr","locations":[{"start":{"line":58,"column":12},"end":{"line":58,"column":18}},{"start":{"line":58,"column":22},"end":{"line":58,"column":null}}]},"3":{"loc":{"start":{"line":62,"column":12},"end":{"line":62,"column":18}},"type":"binary-expr","locations":[{"start":{"line":62,"column":12},"end":{"line":62,"column":18}},{"start":{"line":62,"column":22},"end":{"line":62,"column":null}}]}},"s":{"0":1,"1":1,"2":1},"f":{},"b":{"0":[1,0],"1":[1,0],"2":[1,0],"3":[1,0]}}
,"C:\\Users\\86136\\Desktop\\repository\\different-ui\\different-ui\\packages\\components\\Magnifier\\src\\directives\\magnifier.ts": {"path":"C:\\Users\\86136\\Desktop\\repository\\different-ui\\different-ui\\packages\\components\\Magnifier\\src\\directives\\magnifier.ts","statementMap":{"0":{"start":{"line":1,"column":0},"end":{"line":1,"column":null}},"1":{"start":{"line":3,"column":15},"end":{"line":3,"column":null}},"2":{"start":{"line":10,"column":21},"end":{"line":10,"column":null}},"3":{"start":{"line":13,"column":21},"end":{"line":13,"column":29}},"4":{"start":{"line":14,"column":20},"end":{"line":14,"column":28}},"5":{"start":{"line":16,"column":21},"end":{"line":16,"column":33}},"6":{"start":{"line":17,"column":22},"end":{"line":17,"column":34}},"7":{"start":{"line":19,"column":21},"end":{"line":19,"column":33}},"8":{"start":{"line":20,"column":22},"end":{"line":20,"column":34}},"9":{"start":{"line":23,"column":17},"end":{"line":23,"column":null}},"10":{"start":{"line":24,"column":17},"end":{"line":24,"column":null}},"11":{"start":{"line":26,"column":17},"end":{"line":28,"column":null}},"12":{"start":{"line":27,"column":6},"end":{"line":27,"column":null}},"13":{"start":{"line":31,"column":6},"end":{"line":31,"column":14}},"14":{"start":{"line":34,"column":10},"end":{"line":34,"column":18}},"15":{"start":{"line":35,"column":10},"end":{"line":35,"column":17}},"16":{"start":{"line":36,"column":10},"end":{"line":36,"column":18}},"17":{"start":{"line":41,"column":6},"end":{"line":41,"column":14}},"18":{"start":{"line":46,"column":39},"end":{"line":46,"column":45}},"19":{"start":{"line":47,"column":6},"end":{"line":47,"column":13}},"20":{"start":{"line":51,"column":6},"end":{"line":51,"column":14}},"21":{"start":{"line":52,"column":6},"end":{"line":52,"column":14}},"22":{"start":{"line":56,"column":6},"end":{"line":56,"column":14}},"23":{"start":{"line":57,"column":6},"end":{"line":57,"column":14}},"24":{"start":{"line":59,"column":6},"end":{"line":59,"column":13}},"25":{"start":{"line":60,"column":6},"end":{"line":60,"column":13}},"26":{"start":{"line":62,"column":6},"end":{"line":69,"column":null}},"27":{"start":{"line":67,"column":8},"end":{"line":67,"column":16}},"28":{"start":{"line":68,"column":8},"end":{"line":68,"column":16}},"29":{"start":{"line":73,"column":6},"end":{"line":73,"column":13}},"30":{"start":{"line":81,"column":4},"end":{"line":81,"column":null}}},"fnMap":{"0":{"name":"(anonymous_0)","decl":{"start":{"line":4,"column":2},"end":{"line":4,"column":9}},"loc":{"start":{"line":9,"column":3},"end":{"line":82,"column":null}}},"1":{"name":"(anonymous_1)","decl":{"start":{"line":26,"column":17},"end":{"line":26,"column":22}},"loc":{"start":{"line":26,"column":22},"end":{"line":28,"column":null}}},"2":{"name":"bindEvent","decl":{"start":{"line":30,"column":13},"end":{"line":30,"column":22}},"loc":{"start":{"line":30,"column":22},"end":{"line":42,"column":null}}},"3":{"name":"(anonymous_3)","decl":{"start":{"line":33,"column":8},"end":{"line":33,"column":18}},"loc":{"start":{"line":33,"column":31},"end":{"line":37,"column":null}}},"4":{"name":"handleMouseMove","decl":{"start":{"line":44,"column":13},"end":{"line":44,"column":29}},"loc":{"start":{"line":44,"column":42},"end":{"line":48,"column":null}}},"5":{"name":"handleMouseOut","decl":{"start":{"line":50,"column":13},"end":{"line":50,"column":27}},"loc":{"start":{"line":50,"column":27},"end":{"line":53,"column":null}}},"6":{"name":"showMag","decl":{"start":{"line":55,"column":13},"end":{"line":55,"column":21}},"loc":{"start":{"line":55,"column":75},"end":{"line":70,"column":null}}},"7":{"name":"getXY","decl":{"start":{"line":72,"column":13},"end":{"line":72,"column":19}},"loc":{"start":{"line":72,"column":32},"end":{"line":79,"column":null}}}},"branchMap":{"0":{"loc":{"start":{"line":62,"column":6},"end":{"line":69,"column":null}},"type":"if","locations":[{"start":{"line":62,"column":6},"end":{"line":69,"column":null}},{"start":{"line":62,"column":6},"end":{"line":69,"column":null}}]},"1":{"loc":{"start":{"line":63,"column":8},"end":{"line":63,"column":14}},"type":"binary-expr","locations":[{"start":{"line":63,"column":8},"end":{"line":63,"column":14}},{"start":{"line":64,"column":8},"end":{"line":64,"column":null}},{"start":{"line":65,"column":9},"end":{"line":65,"column":23}},{"start":{"line":65,"column":23},"end":{"line":65,"column":37}},{"start":{"line":65,"column":37},"end":{"line":65,"column":58}},{"start":{"line":65,"column":58},"end":{"line":65,"column":null}}]}},"s":{"0":1,"1":1,"2":1,"3":1,"4":1,"5":1,"6":1,"7":1,"8":1,"9":1,"10":1,"11":1,"12":1,"13":1,"14":0,"15":0,"16":0,"17":1,"18":0,"19":0,"20":0,"21":0,"22":0,"23":0,"24":0,"25":0,"26":0,"27":0,"28":0,"29":0,"30":1},"f":{"0":1,"1":1,"2":1,"3":0,"4":0,"5":0,"6":0,"7":0},"b":{"0":[0,0],"1":[0,0,0,0,0,0]}}
,"C:\\Users\\86136\\Desktop\\repository\\different-ui\\different-ui\\packages\\components\\Modal\\index.ts": {"path":"C:\\Users\\86136\\Desktop\\repository\\different-ui\\different-ui\\packages\\components\\Modal\\index.ts","statementMap":{"0":{"start":{"line":2,"column":0},"end":{"line":2,"column":null}},"1":{"start":{"line":3,"column":0},"end":{"line":3,"column":null}},"2":{"start":{"line":5,"column":0},"end":{"line":5,"column":6}},"3":{"start":{"line":6,"column":2},"end":{"line":6,"column":5}},"4":{"start":{"line":9,"column":15},"end":{"line":9,"column":null}}},"fnMap":{"0":{"name":"(anonymous_0)","decl":{"start":{"line":5,"column":17},"end":{"line":5,"column":35}},"loc":{"start":{"line":5,"column":35},"end":{"line":7,"column":null}}}},"branchMap":{},"s":{"0":1,"1":1,"2":1,"3":0,"4":1},"f":{"0":0},"b":{}}
,"C:\\Users\\86136\\Desktop\\repository\\different-ui\\different-ui\\packages\\components\\Modal\\src\\Modal.vue": {"path":"C:\\Users\\86136\\Desktop\\repository\\different-ui\\different-ui\\packages\\components\\Modal\\src\\Modal.vue","statementMap":{"0":{"start":{"line":65,"column":0},"end":{"line":65,"column":null}},"1":{"start":{"line":75,"column":15},"end":{"line":75,"column":31}},"2":{"start":{"line":89,"column":8},"end":{"line":89,"column":15}},"3":{"start":{"line":97,"column":8},"end":{"line":97,"column":15}},"4":{"start":{"line":105,"column":8},"end":{"line":105,"column":15}},"5":{"start":{"line":111,"column":8},"end":{"line":111,"column":15}},"6":{"start":{"line":160,"column":21},"end":{"line":160,"column":null}},"7":{"start":{"line":161,"column":20},"end":{"line":161,"column":24}},"8":{"start":{"line":163,"column":18},"end":{"line":163,"column":27}},"9":{"start":{"line":169,"column":20},"end":{"line":175,"column":null}},"10":{"start":{"line":170,"column":6},"end":{"line":170,"column":11}},"11":{"start":{"line":171,"column":6},"end":{"line":171,"column":9}},"12":{"start":{"line":177,"column":19},"end":{"line":183,"column":null}},"13":{"start":{"line":178,"column":6},"end":{"line":178,"column":11}},"14":{"start":{"line":179,"column":6},"end":{"line":179,"column":9}},"15":{"start":{"line":185,"column":4},"end":{"line":185,"column":14}},"16":{"start":{"line":187,"column":6},"end":{"line":187,"column":11}},"17":{"start":{"line":190,"column":4},"end":{"line":190,"column":null}}},"fnMap":{"0":{"name":"(anonymous_0)","decl":{"start":{"line":88,"column":15},"end":{"line":88,"column":null}},"loc":{"start":{"line":88,"column":15},"end":{"line":92,"column":null}}},"1":{"name":"(anonymous_1)","decl":{"start":{"line":96,"column":15},"end":{"line":96,"column":null}},"loc":{"start":{"line":96,"column":15},"end":{"line":100,"column":null}}},"2":{"name":"(anonymous_2)","decl":{"start":{"line":104,"column":15},"end":{"line":104,"column":null}},"loc":{"start":{"line":104,"column":15},"end":{"line":106,"column":null}}},"3":{"name":"(anonymous_3)","decl":{"start":{"line":110,"column":15},"end":{"line":110,"column":null}},"loc":{"start":{"line":110,"column":15},"end":{"line":112,"column":null}}},"4":{"name":"(anonymous_4)","decl":{"start":{"line":159,"column":2},"end":{"line":159,"column":7}},"loc":{"start":{"line":159,"column":18},"end":{"line":196,"column":null}}},"5":{"name":"(anonymous_5)","decl":{"start":{"line":169,"column":20},"end":{"line":169,"column":null}},"loc":{"start":{"line":169,"column":20},"end":{"line":175,"column":null}}},"6":{"name":"(anonymous_6)","decl":{"start":{"line":177,"column":19},"end":{"line":177,"column":null}},"loc":{"start":{"line":177,"column":19},"end":{"line":183,"column":null}}},"7":{"name":"(anonymous_7)","decl":{"start":{"line":185,"column":14},"end":{"line":185,"column":null}},"loc":{"start":{"line":185,"column":14},"end":{"line":188,"column":null}}}},"branchMap":{},"s":{"0":1,"1":1,"2":0,"3":2,"4":2,"5":2,"6":2,"7":2,"8":2,"9":2,"10":0,"11":0,"12":2,"13":0,"14":0,"15":2,"16":2,"17":2},"f":{"0":0,"1":2,"2":2,"3":2,"4":2,"5":0,"6":0,"7":2},"b":{}}
,"C:\\Users\\86136\\Desktop\\repository\\different-ui\\different-ui\\packages\\theme\\components\\Magnifier.css": {"path":"C:\\Users\\86136\\Desktop\\repository\\different-ui\\different-ui\\packages\\theme\\components\\Magnifier.css","statementMap":{"0":{"start":{"line":1,"column":0},"end":{"line":1,"column":19}}},"fnMap":{},"branchMap":{},"s":{"0":1},"f":{},"b":{},"_coverageSchema":"43e27e138ebf9cfc5966b082cf9a028302ed4184","hash":"6a7e7762498a565fe0d6e2bb4aa984c3c2ace7bc"}
,"C:\\Users\\86136\\Desktop\\repository\\different-ui\\different-ui\\packages\\theme\\components\\Modal.css": {"path":"C:\\Users\\86136\\Desktop\\repository\\different-ui\\different-ui\\packages\\theme\\components\\Modal.css","statementMap":{"0":{"start":{"line":1,"column":0},"end":{"line":1,"column":19}}},"fnMap":{},"branchMap":{},"s":{"0":1},"f":{},"b":{},"_coverageSchema":"43e27e138ebf9cfc5966b082cf9a028302ed4184","hash":"9831787e20f0e1c8160097702af461326e46fdc6"}
,"C:\\Users\\86136\\Desktop\\repository\\different-ui\\different-ui\\packages\\utils\\getDomStyle.ts": {"path":"C:\\Users\\86136\\Desktop\\repository\\different-ui\\different-ui\\packages\\utils\\getDomStyle.ts","statementMap":{"0":{"start":{"line":8,"column":2},"end":{"line":8,"column":9}}},"fnMap":{"0":{"name":"getDomStyle","decl":{"start":{"line":7,"column":16},"end":{"line":7,"column":28}},"loc":{"start":{"line":7,"column":46},"end":{"line":9,"column":null}}}},"branchMap":{},"s":{"0":4},"f":{"0":4},"b":{}}
}
