{"C:\\Users\\86136\\Desktop\\repository\\different-ui\\different-ui\\packages\\components\\Modal\\index.ts": {"path":"C:\\Users\\86136\\Desktop\\repository\\different-ui\\different-ui\\packages\\components\\Modal\\index.ts","statementMap":{"0":{"start":{"line":2,"column":0},"end":{"line":2,"column":null}},"1":{"start":{"line":3,"column":0},"end":{"line":3,"column":null}},"2":{"start":{"line":5,"column":0},"end":{"line":5,"column":6}},"3":{"start":{"line":6,"column":2},"end":{"line":6,"column":5}},"4":{"start":{"line":9,"column":15},"end":{"line":9,"column":null}}},"fnMap":{"0":{"name":"(anonymous_0)","decl":{"start":{"line":5,"column":17},"end":{"line":5,"column":35}},"loc":{"start":{"line":5,"column":35},"end":{"line":7,"column":null}}}},"branchMap":{},"s":{"0":2,"1":2,"2":2,"3":0,"4":2},"f":{"0":0},"b":{}}
,"C:\\Users\\86136\\Desktop\\repository\\different-ui\\different-ui\\packages\\components\\Modal\\src\\Modal.vue": {"path":"C:\\Users\\86136\\Desktop\\repository\\different-ui\\different-ui\\packages\\components\\Modal\\src\\Modal.vue","statementMap":{"0":{"start":{"line":66,"column":0},"end":{"line":66,"column":null}},"1":{"start":{"line":75,"column":15},"end":{"line":75,"column":31}},"2":{"start":{"line":89,"column":8},"end":{"line":89,"column":15}},"3":{"start":{"line":97,"column":8},"end":{"line":97,"column":15}},"4":{"start":{"line":105,"column":8},"end":{"line":105,"column":15}},"5":{"start":{"line":111,"column":8},"end":{"line":111,"column":15}},"6":{"start":{"line":160,"column":21},"end":{"line":160,"column":null}},"7":{"start":{"line":162,"column":18},"end":{"line":162,"column":27}},"8":{"start":{"line":168,"column":20},"end":{"line":174,"column":null}},"9":{"start":{"line":169,"column":6},"end":{"line":169,"column":11}},"10":{"start":{"line":170,"column":6},"end":{"line":170,"column":11}},"11":{"start":{"line":171,"column":6},"end":{"line":171,"column":9}},"12":{"start":{"line":176,"column":19},"end":{"line":182,"column":null}},"13":{"start":{"line":177,"column":6},"end":{"line":177,"column":11}},"14":{"start":{"line":178,"column":6},"end":{"line":178,"column":11}},"15":{"start":{"line":179,"column":6},"end":{"line":179,"column":9}},"16":{"start":{"line":184,"column":4},"end":{"line":184,"column":14}},"17":{"start":{"line":185,"column":6},"end":{"line":185,"column":11}},"18":{"start":{"line":188,"column":4},"end":{"line":188,"column":null}}},"fnMap":{"0":{"name":"(anonymous_0)","decl":{"start":{"line":88,"column":15},"end":{"line":88,"column":null}},"loc":{"start":{"line":88,"column":15},"end":{"line":92,"column":null}}},"1":{"name":"(anonymous_1)","decl":{"start":{"line":96,"column":15},"end":{"line":96,"column":null}},"loc":{"start":{"line":96,"column":15},"end":{"line":100,"column":null}}},"2":{"name":"(anonymous_2)","decl":{"start":{"line":104,"column":15},"end":{"line":104,"column":null}},"loc":{"start":{"line":104,"column":15},"end":{"line":106,"column":null}}},"3":{"name":"(anonymous_3)","decl":{"start":{"line":110,"column":15},"end":{"line":110,"column":null}},"loc":{"start":{"line":110,"column":15},"end":{"line":112,"column":null}}},"4":{"name":"(anonymous_4)","decl":{"start":{"line":159,"column":2},"end":{"line":159,"column":7}},"loc":{"start":{"line":159,"column":18},"end":{"line":193,"column":null}}},"5":{"name":"(anonymous_5)","decl":{"start":{"line":168,"column":20},"end":{"line":168,"column":null}},"loc":{"start":{"line":168,"column":20},"end":{"line":174,"column":null}}},"6":{"name":"(anonymous_6)","decl":{"start":{"line":176,"column":19},"end":{"line":176,"column":null}},"loc":{"start":{"line":176,"column":19},"end":{"line":182,"column":null}}},"7":{"name":"(anonymous_7)","decl":{"start":{"line":184,"column":14},"end":{"line":184,"column":null}},"loc":{"start":{"line":184,"column":14},"end":{"line":186,"column":null}}}},"branchMap":{"0":{"loc":{"start":{"line":185,"column":37},"end":{"line":185,"column":39}},"type":"cond-expr","locations":[{"start":{"line":185,"column":37},"end":{"line":185,"column":39}},{"start":{"line":185,"column":29},"end":{"line":185,"column":60}}]},"1":{"loc":{"start":{"line":185,"column":29},"end":{"line":185,"column":39}},"type":"binary-expr","locations":[{"start":{"line":185,"column":29},"end":{"line":185,"column":39}},{"start":{"line":185,"column":29},"end":{"line":185,"column":39}}]}},"s":{"0":2,"1":2,"2":0,"3":4,"4":4,"5":4,"6":4,"7":4,"8":4,"9":0,"10":0,"11":0,"12":4,"13":0,"14":0,"15":0,"16":4,"17":4,"18":4},"f":{"0":0,"1":4,"2":4,"3":4,"4":4,"5":0,"6":0,"7":4},"b":{"0":[0,4],"1":[4,4]}}
,"C:\\Users\\86136\\Desktop\\repository\\different-ui\\different-ui\\packages\\theme\\components\\Modal.css": {"path":"C:\\Users\\86136\\Desktop\\repository\\different-ui\\different-ui\\packages\\theme\\components\\Modal.css","statementMap":{"0":{"start":{"line":1,"column":0},"end":{"line":1,"column":19}}},"fnMap":{},"branchMap":{},"s":{"0":2},"f":{},"b":{},"_coverageSchema":"43e27e138ebf9cfc5966b082cf9a028302ed4184","hash":"9831787e20f0e1c8160097702af461326e46fdc6"}
}
