TN:
SF:C:\Users\86136\Desktop\repository\different-ui\different-ui\packages\components\Modal\index.ts
FN:5,(anonymous_0)
FNF:1
FNH:0
FNDA:0,(anonymous_0)
DA:2,2
DA:3,2
DA:5,2
DA:6,0
DA:9,2
LF:5
LH:4
BRF:0
BRH:0
end_of_record
TN:
SF:C:\Users\86136\Desktop\repository\different-ui\different-ui\packages\components\Modal\src\Modal.vue
FN:88,(anonymous_0)
FN:96,(anonymous_1)
FN:104,(anonymous_2)
FN:110,(anonymous_3)
FN:159,(anonymous_4)
FN:168,(anonymous_5)
FN:176,(anonymous_6)
FN:184,(anonymous_7)
FNF:8
FNH:5
FNDA:0,(anonymous_0)
FNDA:4,(anonymous_1)
FNDA:4,(anonymous_2)
FNDA:4,(anonymous_3)
FNDA:4,(anonymous_4)
FNDA:0,(anonymous_5)
FNDA:0,(anonymous_6)
FNDA:4,(anonymous_7)
DA:66,2
DA:75,2
DA:89,0
DA:97,4
DA:105,4
DA:111,4
DA:160,4
DA:162,4
DA:168,4
DA:169,0
DA:170,0
DA:171,0
DA:176,4
DA:177,0
DA:178,0
DA:179,0
DA:184,4
DA:185,4
DA:188,4
LF:19
LH:12
BRDA:185,0,0,0
BRDA:185,0,1,4
BRDA:185,1,0,4
BRDA:185,1,1,4
BRF:4
BRH:3
end_of_record
TN:
SF:C:\Users\86136\Desktop\repository\different-ui\different-ui\packages\theme\components\Modal.css
FNF:0
FNH:0
DA:1,2
LF:1
LH:1
BRF:0
BRH:0
end_of_record
