TN:
SF:C:\Users\86136\Desktop\repository\different-ui\different-ui\packages\index.ts
FN:34,(anonymous_11)
FN:36,(anonymous_12)
FNF:2
FNH:0
FNDA:0,(anonymous_11)
FNDA:0,(anonymous_12)
DA:3,1
DA:4,1
DA:5,1
DA:6,1
DA:7,1
DA:8,1
DA:9,1
DA:10,1
DA:11,1
DA:12,1
DA:13,1
DA:16,1
DA:19,1
DA:34,1
DA:36,0
DA:54,1
LF:16
LH:15
BRF:0
BRH:0
end_of_record
TN:
SF:C:\Users\86136\Desktop\repository\different-ui\different-ui\packages\components\Button\index.ts
FN:12,(anonymous_0)
FNF:1
FNH:0
FNDA:0,(anonymous_0)
DA:7,1
DA:9,1
DA:12,1
DA:13,0
DA:16,1
LF:5
LH:4
BRF:0
BRH:0
end_of_record
TN:
SF:C:\Users\86136\Desktop\repository\different-ui\different-ui\packages\components\Button\src\Button.vue
FN:50,(anonymous_0)
FNF:1
FNH:0
FNDA:0,(anonymous_0)
DA:20,1
DA:22,1
DA:53,0
LF:3
LH:2
BRF:0
BRH:0
end_of_record
TN:
SF:C:\Users\86136\Desktop\repository\different-ui\different-ui\packages\components\Carousel\index.ts
FN:5,(anonymous_0)
FNF:1
FNH:0
FNDA:0,(anonymous_0)
DA:2,1
DA:3,1
DA:5,1
DA:6,0
DA:9,1
LF:5
LH:4
BRF:0
BRH:0
end_of_record
TN:
SF:C:\Users\86136\Desktop\repository\different-ui\different-ui\packages\components\Carousel\item.ts
FN:5,(anonymous_0)
FNF:1
FNH:0
FNDA:0,(anonymous_0)
DA:2,1
DA:5,1
DA:6,0
DA:9,1
LF:4
LH:3
BRF:0
BRH:0
end_of_record
TN:
SF:C:\Users\86136\Desktop\repository\different-ui\different-ui\packages\components\Carousel\src\Carousel.vue
FN:62,(anonymous_0)
FN:71,(anonymous_1)
FN:73,(anonymous_2)
FN:78,(anonymous_3)
FN:97,(anonymous_4)
FN:101,(anonymous_5)
FN:105,(anonymous_6)
FN:109,(anonymous_7)
FN:113,(anonymous_8)
FN:118,(anonymous_9)
FN:122,(anonymous_10)
FNF:11
FNH:0
FNDA:0,(anonymous_0)
FNDA:0,(anonymous_1)
FNDA:0,(anonymous_2)
FNDA:0,(anonymous_3)
FNDA:0,(anonymous_4)
FNDA:0,(anonymous_5)
FNDA:0,(anonymous_6)
FNDA:0,(anonymous_7)
FNDA:0,(anonymous_8)
FNDA:0,(anonymous_9)
FNDA:0,(anonymous_10)
DA:22,1
DA:30,1
DA:31,1
DA:33,1
DA:63,0
DA:64,0
DA:71,0
DA:72,0
DA:73,0
DA:74,0
DA:78,0
DA:79,0
DA:81,0
DA:82,0
DA:83,0
DA:85,0
DA:87,0
DA:88,0
DA:89,0
DA:91,0
DA:93,0
DA:97,0
DA:98,0
DA:101,0
DA:102,0
DA:105,0
DA:106,0
DA:109,0
DA:110,0
DA:113,0
DA:114,0
DA:115,0
DA:118,0
DA:119,0
DA:120,0
DA:122,0
DA:123,0
DA:125,0
LF:38
LH:4
BRDA:72,0,0,0
BRDA:72,0,1,0
BRDA:80,1,0,0
BRDA:80,1,1,0
BRDA:80,1,2,0
BRDA:82,2,0,0
BRDA:82,2,1,0
BRDA:88,3,0,0
BRDA:88,3,1,0
BRF:9
BRH:0
end_of_record
TN:
SF:C:\Users\86136\Desktop\repository\different-ui\different-ui\packages\components\Carousel\src\CarouselDirector.vue
FN:30,(anonymous_0)
FN:31,(anonymous_1)
FNF:2
FNH:0
FNDA:0,(anonymous_0)
FNDA:0,(anonymous_1)
DA:23,1
DA:24,1
DA:31,0
DA:32,0
DA:35,0
LF:5
LH:2
BRF:0
BRH:0
end_of_record
TN:
SF:C:\Users\86136\Desktop\repository\different-ui\different-ui\packages\components\Carousel\src\CarouselDot.vue
FN:40,(anonymous_0)
FN:41,(anonymous_1)
FNF:2
FNH:0
FNDA:0,(anonymous_0)
FNDA:0,(anonymous_1)
DA:23,1
DA:25,1
DA:41,0
DA:42,0
DA:45,0
LF:5
LH:2
BRF:0
BRH:0
end_of_record
TN:
SF:C:\Users\86136\Desktop\repository\different-ui\different-ui\packages\components\Carousel\src\CarouselItem.vue
FN:22,(anonymous_0)
FN:34,(anonymous_1)
FN:37,(anonymous_2)
FNF:3
FNH:0
FNDA:0,(anonymous_0)
FNDA:0,(anonymous_1)
FNDA:0,(anonymous_2)
DA:10,1
DA:19,1
DA:24,0
DA:26,0
DA:33,0
DA:35,0
DA:38,0
DA:42,0
LF:8
LH:2
BRF:0
BRH:0
end_of_record
TN:
SF:C:\Users\86136\Desktop\repository\different-ui\different-ui\packages\components\Magnifier\index.ts
FN:5,(anonymous_0)
FNF:1
FNH:0
FNDA:0,(anonymous_0)
DA:2,1
DA:3,1
DA:5,1
DA:6,0
DA:9,1
LF:5
LH:4
BRF:0
BRH:0
end_of_record
TN:
SF:C:\Users\86136\Desktop\repository\different-ui\different-ui\packages\components\Magnifier\src\Magnifier.vue
FN:72,(anonymous_0)
FNF:1
FNH:0
FNDA:0,(anonymous_0)
DA:33,1
DA:34,1
DA:36,1
DA:73,0
LF:4
LH:3
BRF:0
BRH:0
end_of_record
TN:
SF:C:\Users\86136\Desktop\repository\different-ui\different-ui\packages\components\Magnifier\src\directives\magnifier.ts
FN:4,(anonymous_0)
FN:26,(anonymous_1)
FN:30,bindEvent
FN:33,(anonymous_3)
FN:44,handleMouseMove
FN:50,handleMouseOut
FN:55,showMag
FN:72,getXY
FNF:8
FNH:0
FNDA:0,(anonymous_0)
FNDA:0,(anonymous_1)
FNDA:0,bindEvent
FNDA:0,(anonymous_3)
FNDA:0,handleMouseMove
FNDA:0,handleMouseOut
FNDA:0,showMag
FNDA:0,getXY
DA:1,1
DA:3,1
DA:10,0
DA:13,0
DA:14,0
DA:16,0
DA:17,0
DA:19,0
DA:20,0
DA:23,0
DA:24,0
DA:26,0
DA:27,0
DA:31,0
DA:34,0
DA:35,0
DA:36,0
DA:41,0
DA:46,0
DA:47,0
DA:51,0
DA:52,0
DA:56,0
DA:57,0
DA:59,0
DA:60,0
DA:62,0
DA:67,0
DA:68,0
DA:73,0
DA:81,0
LF:31
LH:2
BRDA:62,0,0,0
BRDA:62,0,1,0
BRDA:63,1,0,0
BRDA:63,1,1,0
BRDA:63,1,2,0
BRDA:63,1,3,0
BRDA:63,1,4,0
BRDA:63,1,5,0
BRF:8
BRH:0
end_of_record
TN:
SF:C:\Users\86136\Desktop\repository\different-ui\different-ui\packages\components\Modal\index.ts
FN:5,(anonymous_0)
FNF:1
FNH:0
FNDA:0,(anonymous_0)
DA:2,1
DA:3,1
DA:5,1
DA:6,0
DA:9,1
LF:5
LH:4
BRF:0
BRH:0
end_of_record
TN:
SF:C:\Users\86136\Desktop\repository\different-ui\different-ui\packages\components\Modal\src\Modal.vue
FN:74,(anonymous_0)
FN:80,(anonymous_1)
FN:88,(anonymous_2)
FN:94,(anonymous_3)
FN:139,(anonymous_4)
FN:148,(anonymous_5)
FN:155,(anonymous_6)
FN:163,(anonymous_7)
FNF:8
FNH:5
FNDA:0,(anonymous_0)
FNDA:2,(anonymous_1)
FNDA:2,(anonymous_2)
FNDA:2,(anonymous_3)
FNDA:2,(anonymous_4)
FNDA:0,(anonymous_5)
FNDA:0,(anonymous_6)
FNDA:2,(anonymous_7)
DA:53,1
DA:61,1
DA:75,0
DA:81,2
DA:89,2
DA:95,2
DA:140,2
DA:142,2
DA:148,2
DA:149,0
DA:150,0
DA:151,0
DA:155,2
DA:156,0
DA:157,0
DA:158,0
DA:163,2
DA:164,2
DA:167,2
LF:19
LH:12
BRDA:164,0,0,0
BRDA:164,0,1,2
BRDA:164,1,0,2
BRDA:164,1,1,2
BRF:4
BRH:3
end_of_record
TN:
SF:C:\Users\86136\Desktop\repository\different-ui\different-ui\packages\components\Selector\index.ts
FN:5,(anonymous_0)
FNF:1
FNH:0
FNDA:0,(anonymous_0)
DA:2,1
DA:3,1
DA:5,1
DA:6,0
DA:9,1
LF:5
LH:4
BRF:0
BRH:0
end_of_record
TN:
SF:C:\Users\86136\Desktop\repository\different-ui\different-ui\packages\components\Selector\src\NoDataTip.vue
FNF:0
FNH:0
DA:9,1
DA:11,1
LF:2
LH:2
BRF:0
BRH:0
end_of_record
TN:
SF:C:\Users\86136\Desktop\repository\different-ui\different-ui\packages\components\Selector\src\Selector.vue
FN:32,(anonymous_0)
FN:38,(anonymous_1)
FN:43,(anonymous_2)
FNF:3
FNH:0
FNDA:0,(anonymous_0)
FNDA:0,(anonymous_1)
FNDA:0,(anonymous_2)
DA:17,1
DA:18,1
DA:19,1
DA:20,1
DA:22,1
DA:33,0
DA:38,0
DA:39,0
DA:40,0
DA:43,0
DA:44,0
DA:47,0
LF:12
LH:5
BRF:0
BRH:0
end_of_record
TN:
SF:C:\Users\86136\Desktop\repository\different-ui\different-ui\packages\components\Selector\src\SelectorInput.vue
FN:29,(anonymous_0)
FN:32,(anonymous_1)
FN:37,(anonymous_2)
FNF:3
FNH:0
FNDA:0,(anonymous_0)
FNDA:0,(anonymous_1)
FNDA:0,(anonymous_2)
DA:18,1
DA:20,1
DA:30,0
DA:32,0
DA:33,0
DA:37,0
DA:38,0
DA:40,0
DA:41,0
DA:45,0
LF:10
LH:2
BRDA:40,0,0,0
BRDA:40,0,1,0
BRF:2
BRH:0
end_of_record
TN:
SF:C:\Users\86136\Desktop\repository\different-ui\different-ui\packages\components\Selector\src\SelectorMenu.vue
FN:29,(anonymous_0)
FN:35,(anonymous_1)
FN:54,(anonymous_2)
FN:57,(anonymous_3)
FN:60,(anonymous_4)
FN:65,(anonymous_5)
FN:66,(anonymous_6)
FN:73,(anonymous_7)
FN:76,(anonymous_8)
FNF:9
FNH:0
FNDA:0,(anonymous_0)
FNDA:0,(anonymous_1)
FNDA:0,(anonymous_2)
FNDA:0,(anonymous_3)
FNDA:0,(anonymous_4)
FNDA:0,(anonymous_5)
FNDA:0,(anonymous_6)
FNDA:0,(anonymous_7)
FNDA:0,(anonymous_8)
DA:18,1
DA:19,1
DA:21,1
DA:30,0
DA:35,0
DA:55,0
DA:57,0
DA:58,0
DA:60,0
DA:61,0
DA:65,0
DA:66,0
DA:67,0
DA:72,0
DA:74,0
DA:77,0
DA:81,0
LF:17
LH:3
BRF:0
BRH:0
end_of_record
TN:
SF:C:\Users\86136\Desktop\repository\different-ui\different-ui\packages\components\Selector\src\directives\focus.ts
FN:2,(anonymous_0)
FN:12,(anonymous_1)
FN:20,(anonymous_2)
FN:29,(anonymous_3)
FN:35,(anonymous_4)
FN:46,(anonymous_5)
FNF:6
FNH:0
FNDA:0,(anonymous_0)
FNDA:0,(anonymous_1)
FNDA:0,(anonymous_2)
FNDA:0,(anonymous_3)
FNDA:0,(anonymous_4)
FNDA:0,(anonymous_5)
DA:1,1
DA:3,0
DA:4,0
DA:6,0
DA:7,0
DA:8,0
DA:10,0
DA:13,0
DA:14,0
DA:15,0
DA:16,0
DA:20,0
DA:21,0
DA:27,0
DA:30,0
DA:31,0
DA:32,0
DA:35,0
DA:36,0
DA:38,0
DA:39,0
DA:46,0
DA:47,0
DA:48,0
DA:50,0
LF:25
LH:1
BRDA:15,0,0,0
BRDA:15,0,1,0
BRDA:31,1,0,0
BRDA:31,1,1,0
BRDA:38,2,0,0
BRDA:38,2,1,0
BRDA:47,3,0,0
BRDA:47,3,1,0
BRF:8
BRH:0
end_of_record
TN:
SF:C:\Users\86136\Desktop\repository\different-ui\different-ui\packages\components\StarsRate\index.ts
FN:5,(anonymous_0)
FNF:1
FNH:0
FNDA:0,(anonymous_0)
DA:2,1
DA:3,1
DA:5,1
DA:6,0
DA:9,1
LF:5
LH:4
BRF:0
BRH:0
end_of_record
TN:
SF:C:\Users\86136\Desktop\repository\different-ui\different-ui\packages\components\StarsRate\src\StarsRate.vue
FN:34,(anonymous_0)
FN:39,(anonymous_1)
FNF:2
FNH:0
FNDA:0,(anonymous_0)
FNDA:0,(anonymous_1)
DA:15,1
DA:16,1
DA:18,1
DA:39,0
DA:40,0
DA:43,0
LF:6
LH:3
BRF:0
BRH:0
end_of_record
TN:
SF:C:\Users\86136\Desktop\repository\different-ui\different-ui\packages\components\TreeMenu\index.ts
FN:5,(anonymous_0)
FNF:1
FNH:0
FNDA:0,(anonymous_0)
DA:2,1
DA:3,1
DA:5,1
DA:6,0
DA:9,1
LF:5
LH:4
BRF:0
BRH:0
end_of_record
TN:
SF:C:\Users\86136\Desktop\repository\different-ui\different-ui\packages\components\TreeMenu\item.ts
FN:4,(anonymous_0)
FNF:1
FNH:0
FNDA:0,(anonymous_0)
DA:2,1
DA:4,1
DA:5,0
DA:8,1
LF:4
LH:3
BRF:0
BRH:0
end_of_record
TN:
SF:C:\Users\86136\Desktop\repository\different-ui\different-ui\packages\components\TreeMenu\reSubMenu.ts
FN:4,(anonymous_0)
FNF:1
FNH:0
FNDA:0,(anonymous_0)
DA:2,1
DA:4,1
DA:5,0
DA:8,1
LF:4
LH:3
BRF:0
BRH:0
end_of_record
TN:
SF:C:\Users\86136\Desktop\repository\different-ui\different-ui\packages\components\TreeMenu\subMenu.ts
FN:4,(anonymous_0)
FNF:1
FNH:0
FNDA:0,(anonymous_0)
DA:2,1
DA:4,1
DA:5,0
DA:8,1
LF:4
LH:3
BRF:0
BRH:0
end_of_record
TN:
SF:C:\Users\86136\Desktop\repository\different-ui\different-ui\packages\components\TreeMenu\src\TreeMenu.vue
FN:13,(anonymous_0)
FNF:1
FNH:0
FNDA:0,(anonymous_0)
DA:8,1
DA:10,1
DA:14,0
LF:3
LH:2
BRF:0
BRH:0
end_of_record
TN:
SF:C:\Users\86136\Desktop\repository\different-ui\different-ui\packages\components\TreeMenu\src\TreeMenuItem.vue
FNF:0
FNH:0
DA:8,1
DA:10,1
LF:2
LH:2
BRF:0
BRH:0
end_of_record
TN:
SF:C:\Users\86136\Desktop\repository\different-ui\different-ui\packages\components\TreeMenu\src\TreeReSubMeun.vue
FNF:0
FNH:0
DA:14,1
DA:16,1
LF:2
LH:2
BRF:0
BRH:0
end_of_record
TN:
SF:C:\Users\86136\Desktop\repository\different-ui\different-ui\packages\components\TreeMenu\src\TreeSubMenu.vue
FN:20,(anonymous_0)
FN:23,(anonymous_1)
FN:27,(anonymous_2)
FNF:3
FNH:0
FNDA:0,(anonymous_0)
FNDA:0,(anonymous_1)
FNDA:0,(anonymous_2)
DA:16,1
DA:18,1
DA:21,0
DA:23,0
DA:24,0
DA:27,0
DA:28,0
DA:31,0
LF:8
LH:2
BRF:0
BRH:0
end_of_record
TN:
SF:C:\Users\86136\Desktop\repository\different-ui\different-ui\packages\hooks\index.ts
FNF:0
FNH:0
DA:1,1
LF:1
LH:1
BRF:0
BRH:0
end_of_record
TN:
SF:C:\Users\86136\Desktop\repository\different-ui\different-ui\packages\hooks\useStarsRate.ts
FN:7,useStarsRate
FN:10,(anonymous_1)
FNF:2
FNH:0
FNDA:0,useStarsRate
FNDA:0,(anonymous_1)
DA:1,1
DA:8,0
DA:10,0
DA:11,0
DA:12,0
DA:15,0
LF:6
LH:1
BRF:0
BRH:0
end_of_record
TN:
SF:C:\Users\86136\Desktop\repository\different-ui\different-ui\packages\theme\components\Button.css
FNF:0
FNH:0
DA:1,1
LF:1
LH:1
BRF:0
BRH:0
end_of_record
TN:
SF:C:\Users\86136\Desktop\repository\different-ui\different-ui\packages\theme\src\Icon\iconfont.css
FNF:0
FNH:0
DA:1,1
LF:1
LH:1
BRF:0
BRH:0
end_of_record
TN:
SF:C:\Users\86136\Desktop\repository\different-ui\different-ui\packages\theme\src\components\Carousel.scss
FNF:0
FNH:0
DA:1,1
LF:1
LH:1
BRF:0
BRH:0
end_of_record
TN:
SF:C:\Users\86136\Desktop\repository\different-ui\different-ui\packages\theme\src\components\Magnifier.scss
FNF:0
FNH:0
DA:1,1
LF:1
LH:1
BRF:0
BRH:0
end_of_record
TN:
SF:C:\Users\86136\Desktop\repository\different-ui\different-ui\packages\theme\src\components\Modal.scss
FNF:0
FNH:0
DA:1,1
LF:1
LH:1
BRF:0
BRH:0
end_of_record
TN:
SF:C:\Users\86136\Desktop\repository\different-ui\different-ui\packages\theme\src\components\Selector.scss
FNF:0
FNH:0
DA:1,1
LF:1
LH:1
BRF:0
BRH:0
end_of_record
TN:
SF:C:\Users\86136\Desktop\repository\different-ui\different-ui\packages\theme\src\components\StarsRate.scss
FNF:0
FNH:0
DA:1,1
LF:1
LH:1
BRF:0
BRH:0
end_of_record
TN:
SF:C:\Users\86136\Desktop\repository\different-ui\different-ui\packages\theme\src\components\TreeMenu.scss
FNF:0
FNH:0
DA:1,1
LF:1
LH:1
BRF:0
BRH:0
end_of_record
TN:
SF:C:\Users\86136\Desktop\repository\different-ui\different-ui\packages\utils\getDomStyle.ts
FN:7,getDomStyle
FNF:1
FNH:0
FNDA:0,getDomStyle
DA:8,0
LF:1
LH:0
BRF:0
BRH:0
end_of_record
